-------------------------------------------------------------------------------
Test set: rest.MovieResourceTest
-------------------------------------------------------------------------------
Tests run: 1, Failures: 0, Errors: 1, Skipped: 0, Time elapsed: 0.145 s <<< FAILURE! - in rest.MovieResourceTest
rest.MovieResourceTest  Time elapsed: 0.145 s  <<< ERROR!
javax.persistence.PersistenceException: 
Exception [EclipseLink-4002] (Eclipse Persistence Services - 2.5.2.v20140319-9ad6abd): org.eclipse.persistence.exceptions.DatabaseException
Internal Exception: com.mysql.cj.jdbc.exceptions.CommunicationsException: Communications link failure

The last packet sent successfully to the server was 0 milliseconds ago. The driver has not received any packets from the server.
Error Code: 0
	at rest.MovieResourceTest.setUpClass(MovieResourceTest.java:46)
Caused by: org.eclipse.persistence.exceptions.DatabaseException: 

Internal Exception: com.mysql.cj.jdbc.exceptions.CommunicationsException: Communications link failure

The last packet sent successfully to the server was 0 milliseconds ago. The driver has not received any packets from the server.
Error Code: 0
	at rest.MovieResourceTest.setUpClass(MovieResourceTest.java:46)
Caused by: com.mysql.cj.jdbc.exceptions.CommunicationsException: 
Communications link failure

The last packet sent successfully to the server was 0 milliseconds ago. The driver has not received any packets from the server.
	at rest.MovieResourceTest.setUpClass(MovieResourceTest.java:46)
Caused by: com.mysql.cj.exceptions.CJCommunicationsException: 
Communications link failure

The last packet sent successfully to the server was 0 milliseconds ago. The driver has not received any packets from the server.
	at rest.MovieResourceTest.setUpClass(MovieResourceTest.java:46)
Caused by: java.io.EOFException: Can not read response from server. Expected to read 4 bytes, read 0 bytes before connection was unexpectedly lost.
	at rest.MovieResourceTest.setUpClass(MovieResourceTest.java:46)

